<?xml version="1.0" encoding="UTF-8"?>
<testsuite xmlns:xsi="http://www.w3.org/2001/XMLSchema-instance" xsi:noNamespaceSchemaLocation="https://maven.apache.org/surefire/maven-surefire-plugin/xsd/surefire-test-report-3.0.xsd" version="3.0" name="com.sqs.microservice.process.ProcessApplicationTests" time="15.287" tests="1" errors="0" skipped="0" failures="0">
  <properties>
[...]
</properties>
  <testcase name="contextLoads" classname="com.sqs.microservice.process.ProcessApplicationTests" time="0.948">
    <system-out><![CDATA[Standard Commons Logging discovery in action with spring-jcl: please remove commons-logging.jar from classpath in order to avoid potential conflicts
11:45:52.767 [main] INFO org.springframework.test.context.support.AnnotationConfigContextLoaderUtils -- Could not detect default configuration classes for test class [com.sqs.microservice.process.ProcessApplicationTests]: ProcessApplicationTests does not declare any static, non-private, non-final, nested classes annotated with @Configuration.
11:45:53.022 [main] INFO org.springframework.boot.test.context.SpringBootTestContextBootstrapper -- Found @SpringBootConfiguration com.sqs.microservice.process.ProcessApplication for test class com.sqs.microservice.process.ProcessApplicationTests
11:45:53.404 [main] INFO org.springframework.boot.devtools.restart.RestartApplicationListener -- Restart disabled due to context in which it is running

  .   ____          _            __ _ _
 /\\ / ___'_ __ _ _(_)_ __  __ _ \ \ \ \
( ( )\___ | '_ | '_| | '_ \/ _` | \ \ \ \
 \\/  ___)| |_)| | | | | || (_| |  ) ) ) )
  '  |____| .__|_| |_|_| |_\__, | / / / /
 =========|_|==============|___/=/_/_/_/

 :: Spring Boot ::                (v3.3.6)

2024-11-29T11:45:54.348-03:00  INFO 4628 --- [process] [           main] c.s.m.process.ProcessApplicationTests    : Starting ProcessApplicationTests using Java 21.0.5 with PID 4628 (started by winic in A:\Github\microservice-sqs-order-process)
2024-11-29T11:45:54.353-03:00  INFO 4628 --- [process] [           main] c.s.m.process.ProcessApplicationTests    : No active profile set, falling back to 1 default profile: "default"
2024-11-29T11:45:56.698-03:00  INFO 4628 --- [process] [           main] .s.d.r.c.RepositoryConfigurationDelegate : Bootstrapping Spring Data JPA repositories in DEFAULT mode.
2024-11-29T11:45:56.745-03:00  INFO 4628 --- [process] [           main] .s.d.r.c.RepositoryConfigurationDelegate : Finished Spring Data repository scanning in 30 ms. Found 0 JPA repository interfaces.
2024-11-29T11:45:58.111-03:00  INFO 4628 --- [process] [           main] o.hibernate.jpa.internal.util.LogHelper  : HHH000204: Processing PersistenceUnitInfo [name: default]
2024-11-29T11:45:58.603-03:00  INFO 4628 --- [process] [           main] org.hibernate.Version                    : HHH000412: Hibernate ORM core version 6.5.3.Final
2024-11-29T11:45:58.741-03:00  INFO 4628 --- [process] [           main] o.h.c.internal.RegionFactoryInitiator    : HHH000026: Second-level cache disabled
2024-11-29T11:45:59.648-03:00  INFO 4628 --- [process] [           main] o.s.o.j.p.SpringPersistenceUnitInfo      : No LoadTimeWeaver setup: ignoring JPA class transformer
2024-11-29T11:45:59.709-03:00  INFO 4628 --- [process] [           main] com.zaxxer.hikari.HikariDataSource       : HikariPool-1 - Starting...
2024-11-29T11:46:00.175-03:00  INFO 4628 --- [process] [           main] com.zaxxer.hikari.pool.HikariPool        : HikariPool-1 - Added connection org.postgresql.jdbc.PgConnection@4597e6e3
2024-11-29T11:46:00.178-03:00  INFO 4628 --- [process] [           main] com.zaxxer.hikari.HikariDataSource       : HikariPool-1 - Start completed.
2024-11-29T11:46:00.246-03:00  WARN 4628 --- [process] [           main] org.hibernate.orm.deprecation            : HHH90000025: PostgreSQLDialect does not need to be specified explicitly using 'hibernate.dialect' (remove the property setting and it will be selected by default)
2024-11-29T11:46:01.187-03:00  INFO 4628 --- [process] [           main] o.h.e.t.j.p.i.JtaPlatformInitiator       : HHH000489: No JTA platform available (set 'hibernate.transaction.jta.platform' to enable JTA platform integration)
2024-11-29T11:46:01.194-03:00  INFO 4628 --- [process] [           main] j.LocalContainerEntityManagerFactoryBean : Initialized JPA EntityManagerFactory for persistence unit 'default'
2024-11-29T11:46:03.160-03:00  WARN 4628 --- [process] [           main] JpaBaseConfiguration$JpaWebConfiguration : spring.jpa.open-in-view is enabled by default. Therefore, database queries may be performed during view rendering. Explicitly configure spring.jpa.open-in-view to disable this warning
2024-11-29T11:46:06.535-03:00  INFO 4628 --- [process] [ecycle-thread-1] a.c.s.l.AbstractMessageListenerContainer : Container io.awspring.cloud.sqs.sqsListenerEndpointContainer#0 started
2024-11-29T11:46:06.566-03:00  INFO 4628 --- [process] [           main] c.s.m.process.ProcessApplicationTests    : Started ProcessApplicationTests in 13.189 seconds (process running for 15.956)
]]></system-out>
  </testcase>
</testsuite>